<?xml version="1.0" encoding="UTF-8"?>
<testng-results ignored="0" total="3" passed="0" failed="0" skipped="3">
  <reporter-output>
  </reporter-output>
  <suite started-at="2018-05-07T20:11:12Z" name="Default suite" finished-at="2018-05-07T20:11:12Z" duration-ms="120">
    <groups>
    </groups>
    <test started-at="2018-05-07T20:11:12Z" name="Default test" finished-at="2018-05-07T20:11:12Z" duration-ms="120">
      <class name="amazonTests.com.SampleTestNgTest">
        <test-method is-config="true" signature="initTestSuite()[pri:0, instance:amazonTests.com.SampleTestNgTest@201a4587]" started-at="2018-05-07T20:11:12Z" name="initTestSuite" finished-at="2018-05-07T20:11:12Z" duration-ms="38" status="PASS">
          <reporter-output>
          </reporter-output>
        </test-method> <!-- initTestSuite -->
        <test-method is-config="true" signature="initWebDriver()[pri:0, instance:amazonTests.com.SampleTestNgTest@201a4587]" started-at="2018-05-07T20:11:12Z" name="initWebDriver" finished-at="2018-05-07T20:11:12Z" duration-ms="87" status="FAIL">
          <exception class="ru.stqa.selenium.factory.DriverCreationError">
            <message>
              <![CDATA[java.lang.reflect.InvocationTargetException]]>
            </message>
            <full-stacktrace>
              <![CDATA[ru.stqa.selenium.factory.DriverCreationError: java.lang.reflect.InvocationTargetException
at ru.stqa.selenium.factory.ReflectionBasedInstanceCreator.callConstructor(ReflectionBasedInstanceCreator.java:58)
at ru.stqa.selenium.factory.ReflectionBasedInstanceCreator.createDriver(ReflectionBasedInstanceCreator.java:44)
at ru.stqa.selenium.factory.DefaultLocalDriverProvider.createDriver(DefaultLocalDriverProvider.java:54)
at ru.stqa.selenium.factory.AbstractWebDriverPool.newDriver(AbstractWebDriverPool.java:36)
at ru.stqa.selenium.factory.ThreadLocalSingleWebDriverPool.createNewDriver(ThreadLocalSingleWebDriverPool.java:120)
at ru.stqa.selenium.factory.ThreadLocalSingleWebDriverPool.getDriver(ThreadLocalSingleWebDriverPool.java:42)
at amazonTests.com.TestNgTestBase.initWebDriver(TestNgTestBase.java:40)
at java.base/jdk.internal.reflect.NativeMethodAccessorImpl.invoke0(Native Method)
at java.base/jdk.internal.reflect.NativeMethodAccessorImpl.invoke(Unknown Source)
at java.base/jdk.internal.reflect.DelegatingMethodAccessorImpl.invoke(Unknown Source)
at java.base/java.lang.reflect.Method.invoke(Unknown Source)
at org.testng.internal.MethodInvocationHelper.invokeMethod(MethodInvocationHelper.java:124)
at org.testng.internal.MethodInvocationHelper.invokeMethodConsideringTimeout(MethodInvocationHelper.java:59)
at org.testng.internal.Invoker.invokeConfigurationMethod(Invoker.java:455)
at org.testng.internal.Invoker.invokeConfigurations(Invoker.java:222)
at org.testng.internal.Invoker.invokeMethod(Invoker.java:520)
at org.testng.internal.Invoker.invokeTestMethod(Invoker.java:716)
at org.testng.internal.Invoker.invokeTestMethods(Invoker.java:988)
at org.testng.internal.TestMethodWorker.invokeTestMethods(TestMethodWorker.java:125)
at org.testng.internal.TestMethodWorker.run(TestMethodWorker.java:109)
at org.testng.TestRunner.privateRun(TestRunner.java:648)
at org.testng.TestRunner.run(TestRunner.java:505)
at org.testng.SuiteRunner.runTest(SuiteRunner.java:455)
at org.testng.SuiteRunner.runSequentially(SuiteRunner.java:450)
at org.testng.SuiteRunner.privateRun(SuiteRunner.java:415)
at org.testng.SuiteRunner.run(SuiteRunner.java:364)
at org.testng.SuiteRunnerWorker.runSuite(SuiteRunnerWorker.java:52)
at org.testng.SuiteRunnerWorker.run(SuiteRunnerWorker.java:84)
at org.testng.TestNG.runSuitesSequentially(TestNG.java:1208)
at org.testng.TestNG.runSuitesLocally(TestNG.java:1137)
at org.testng.TestNG.runSuites(TestNG.java:1049)
at org.testng.TestNG.run(TestNG.java:1017)
at org.testng.remote.AbstractRemoteTestNG.run(AbstractRemoteTestNG.java:114)
at org.testng.remote.RemoteTestNG.initAndRun(RemoteTestNG.java:251)
at org.testng.remote.RemoteTestNG.main(RemoteTestNG.java:77)
Caused by: java.lang.reflect.InvocationTargetException
at java.base/jdk.internal.reflect.NativeConstructorAccessorImpl.newInstance0(Native Method)
at java.base/jdk.internal.reflect.NativeConstructorAccessorImpl.newInstance(Unknown Source)
at java.base/jdk.internal.reflect.DelegatingConstructorAccessorImpl.newInstance(Unknown Source)
at java.base/java.lang.reflect.Constructor.newInstance(Unknown Source)
at ru.stqa.selenium.factory.ReflectionBasedInstanceCreator.callConstructor(ReflectionBasedInstanceCreator.java:50)
... 34 more
Caused by: java.lang.IllegalStateException: The path to the driver executable must be set by the webdriver.gecko.driver system property; for more information, see https://github.com/mozilla/geckodriver. The latest version can be downloaded from https://github.com/mozilla/geckodriver/releases
at com.google.common.base.Preconditions.checkState(Preconditions.java:847)
at org.openqa.selenium.remote.service.DriverService.findExecutable(DriverService.java:124)
at org.openqa.selenium.firefox.GeckoDriverService.access$100(GeckoDriverService.java:41)
at org.openqa.selenium.firefox.GeckoDriverService$Builder.findDefaultExecutable(GeckoDriverService.java:141)
at org.openqa.selenium.remote.service.DriverService$Builder.build(DriverService.java:339)
at org.openqa.selenium.firefox.FirefoxDriver.toExecutor(FirefoxDriver.java:158)
at org.openqa.selenium.firefox.FirefoxDriver.<init>(FirefoxDriver.java:120)
at org.openqa.selenium.firefox.FirefoxDriver.<init>(FirefoxDriver.java:106)
... 39 more
]]>
            </full-stacktrace>
          </exception> <!-- ru.stqa.selenium.factory.DriverCreationError -->
          <reporter-output>
          </reporter-output>
        </test-method> <!-- initWebDriver -->
        <test-method is-config="true" signature="initPageObjects()[pri:0, instance:amazonTests.com.SampleTestNgTest@201a4587]" started-at="2018-05-07T20:11:12Z" name="initPageObjects" finished-at="2018-05-07T20:11:12Z" duration-ms="0" status="SKIP">
          <reporter-output>
          </reporter-output>
        </test-method> <!-- initPageObjects -->
        <test-method signature="loginPage()[pri:0, instance:amazonTests.com.SampleTestNgTest@201a4587]" started-at="2018-05-07T20:11:12Z" name="loginPage" finished-at="2018-05-07T20:11:12Z" duration-ms="0" status="SKIP">
          <exception class="ru.stqa.selenium.factory.DriverCreationError">
            <message>
              <![CDATA[java.lang.reflect.InvocationTargetException]]>
            </message>
            <full-stacktrace>
              <![CDATA[ru.stqa.selenium.factory.DriverCreationError: java.lang.reflect.InvocationTargetException
at ru.stqa.selenium.factory.ReflectionBasedInstanceCreator.callConstructor(ReflectionBasedInstanceCreator.java:58)
at ru.stqa.selenium.factory.ReflectionBasedInstanceCreator.createDriver(ReflectionBasedInstanceCreator.java:44)
at ru.stqa.selenium.factory.DefaultLocalDriverProvider.createDriver(DefaultLocalDriverProvider.java:54)
at ru.stqa.selenium.factory.AbstractWebDriverPool.newDriver(AbstractWebDriverPool.java:36)
at ru.stqa.selenium.factory.ThreadLocalSingleWebDriverPool.createNewDriver(ThreadLocalSingleWebDriverPool.java:120)
at ru.stqa.selenium.factory.ThreadLocalSingleWebDriverPool.getDriver(ThreadLocalSingleWebDriverPool.java:42)
at amazonTests.com.TestNgTestBase.initWebDriver(TestNgTestBase.java:40)
at java.base/jdk.internal.reflect.NativeMethodAccessorImpl.invoke0(Native Method)
at java.base/jdk.internal.reflect.NativeMethodAccessorImpl.invoke(Unknown Source)
at java.base/jdk.internal.reflect.DelegatingMethodAccessorImpl.invoke(Unknown Source)
at java.base/java.lang.reflect.Method.invoke(Unknown Source)
at org.testng.internal.MethodInvocationHelper.invokeMethod(MethodInvocationHelper.java:124)
at org.testng.internal.MethodInvocationHelper.invokeMethodConsideringTimeout(MethodInvocationHelper.java:59)
at org.testng.internal.Invoker.invokeConfigurationMethod(Invoker.java:455)
at org.testng.internal.Invoker.invokeConfigurations(Invoker.java:222)
at org.testng.internal.Invoker.invokeMethod(Invoker.java:520)
at org.testng.internal.Invoker.invokeTestMethod(Invoker.java:716)
at org.testng.internal.Invoker.invokeTestMethods(Invoker.java:988)
at org.testng.internal.TestMethodWorker.invokeTestMethods(TestMethodWorker.java:125)
at org.testng.internal.TestMethodWorker.run(TestMethodWorker.java:109)
at org.testng.TestRunner.privateRun(TestRunner.java:648)
at org.testng.TestRunner.run(TestRunner.java:505)
at org.testng.SuiteRunner.runTest(SuiteRunner.java:455)
at org.testng.SuiteRunner.runSequentially(SuiteRunner.java:450)
at org.testng.SuiteRunner.privateRun(SuiteRunner.java:415)
at org.testng.SuiteRunner.run(SuiteRunner.java:364)
at org.testng.SuiteRunnerWorker.runSuite(SuiteRunnerWorker.java:52)
at org.testng.SuiteRunnerWorker.run(SuiteRunnerWorker.java:84)
at org.testng.TestNG.runSuitesSequentially(TestNG.java:1208)
at org.testng.TestNG.runSuitesLocally(TestNG.java:1137)
at org.testng.TestNG.runSuites(TestNG.java:1049)
at org.testng.TestNG.run(TestNG.java:1017)
at org.testng.remote.AbstractRemoteTestNG.run(AbstractRemoteTestNG.java:114)
at org.testng.remote.RemoteTestNG.initAndRun(RemoteTestNG.java:251)
at org.testng.remote.RemoteTestNG.main(RemoteTestNG.java:77)
Caused by: java.lang.reflect.InvocationTargetException
at java.base/jdk.internal.reflect.NativeConstructorAccessorImpl.newInstance0(Native Method)
at java.base/jdk.internal.reflect.NativeConstructorAccessorImpl.newInstance(Unknown Source)
at java.base/jdk.internal.reflect.DelegatingConstructorAccessorImpl.newInstance(Unknown Source)
at java.base/java.lang.reflect.Constructor.newInstance(Unknown Source)
at ru.stqa.selenium.factory.ReflectionBasedInstanceCreator.callConstructor(ReflectionBasedInstanceCreator.java:50)
... 34 more
Caused by: java.lang.IllegalStateException: The path to the driver executable must be set by the webdriver.gecko.driver system property; for more information, see https://github.com/mozilla/geckodriver. The latest version can be downloaded from https://github.com/mozilla/geckodriver/releases
at com.google.common.base.Preconditions.checkState(Preconditions.java:847)
at org.openqa.selenium.remote.service.DriverService.findExecutable(DriverService.java:124)
at org.openqa.selenium.firefox.GeckoDriverService.access$100(GeckoDriverService.java:41)
at org.openqa.selenium.firefox.GeckoDriverService$Builder.findDefaultExecutable(GeckoDriverService.java:141)
at org.openqa.selenium.remote.service.DriverService$Builder.build(DriverService.java:339)
at org.openqa.selenium.firefox.FirefoxDriver.toExecutor(FirefoxDriver.java:158)
at org.openqa.selenium.firefox.FirefoxDriver.<init>(FirefoxDriver.java:120)
at org.openqa.selenium.firefox.FirefoxDriver.<init>(FirefoxDriver.java:106)
... 39 more
]]>
            </full-stacktrace>
          </exception> <!-- ru.stqa.selenium.factory.DriverCreationError -->
          <reporter-output>
          </reporter-output>
        </test-method> <!-- loginPage -->
        <test-method is-config="true" signature="initWebDriver()[pri:0, instance:amazonTests.com.SampleTestNgTest@201a4587]" started-at="2018-05-07T20:11:12Z" name="initWebDriver" finished-at="2018-05-07T20:11:12Z" duration-ms="0" status="SKIP">
          <reporter-output>
          </reporter-output>
        </test-method> <!-- initWebDriver -->
        <test-method signature="search()[pri:0, instance:amazonTests.com.SampleTestNgTest@201a4587]" started-at="2018-05-07T20:11:12Z" name="search" finished-at="2018-05-07T20:11:12Z" duration-ms="0" status="SKIP">
          <exception class="ru.stqa.selenium.factory.DriverCreationError">
            <message>
              <![CDATA[java.lang.reflect.InvocationTargetException]]>
            </message>
            <full-stacktrace>
              <![CDATA[ru.stqa.selenium.factory.DriverCreationError: java.lang.reflect.InvocationTargetException
at ru.stqa.selenium.factory.ReflectionBasedInstanceCreator.callConstructor(ReflectionBasedInstanceCreator.java:58)
at ru.stqa.selenium.factory.ReflectionBasedInstanceCreator.createDriver(ReflectionBasedInstanceCreator.java:44)
at ru.stqa.selenium.factory.DefaultLocalDriverProvider.createDriver(DefaultLocalDriverProvider.java:54)
at ru.stqa.selenium.factory.AbstractWebDriverPool.newDriver(AbstractWebDriverPool.java:36)
at ru.stqa.selenium.factory.ThreadLocalSingleWebDriverPool.createNewDriver(ThreadLocalSingleWebDriverPool.java:120)
at ru.stqa.selenium.factory.ThreadLocalSingleWebDriverPool.getDriver(ThreadLocalSingleWebDriverPool.java:42)
at amazonTests.com.TestNgTestBase.initWebDriver(TestNgTestBase.java:40)
at java.base/jdk.internal.reflect.NativeMethodAccessorImpl.invoke0(Native Method)
at java.base/jdk.internal.reflect.NativeMethodAccessorImpl.invoke(Unknown Source)
at java.base/jdk.internal.reflect.DelegatingMethodAccessorImpl.invoke(Unknown Source)
at java.base/java.lang.reflect.Method.invoke(Unknown Source)
at org.testng.internal.MethodInvocationHelper.invokeMethod(MethodInvocationHelper.java:124)
at org.testng.internal.MethodInvocationHelper.invokeMethodConsideringTimeout(MethodInvocationHelper.java:59)
at org.testng.internal.Invoker.invokeConfigurationMethod(Invoker.java:455)
at org.testng.internal.Invoker.invokeConfigurations(Invoker.java:222)
at org.testng.internal.Invoker.invokeMethod(Invoker.java:520)
at org.testng.internal.Invoker.invokeTestMethod(Invoker.java:716)
at org.testng.internal.Invoker.invokeTestMethods(Invoker.java:988)
at org.testng.internal.TestMethodWorker.invokeTestMethods(TestMethodWorker.java:125)
at org.testng.internal.TestMethodWorker.run(TestMethodWorker.java:109)
at org.testng.TestRunner.privateRun(TestRunner.java:648)
at org.testng.TestRunner.run(TestRunner.java:505)
at org.testng.SuiteRunner.runTest(SuiteRunner.java:455)
at org.testng.SuiteRunner.runSequentially(SuiteRunner.java:450)
at org.testng.SuiteRunner.privateRun(SuiteRunner.java:415)
at org.testng.SuiteRunner.run(SuiteRunner.java:364)
at org.testng.SuiteRunnerWorker.runSuite(SuiteRunnerWorker.java:52)
at org.testng.SuiteRunnerWorker.run(SuiteRunnerWorker.java:84)
at org.testng.TestNG.runSuitesSequentially(TestNG.java:1208)
at org.testng.TestNG.runSuitesLocally(TestNG.java:1137)
at org.testng.TestNG.runSuites(TestNG.java:1049)
at org.testng.TestNG.run(TestNG.java:1017)
at org.testng.remote.AbstractRemoteTestNG.run(AbstractRemoteTestNG.java:114)
at org.testng.remote.RemoteTestNG.initAndRun(RemoteTestNG.java:251)
at org.testng.remote.RemoteTestNG.main(RemoteTestNG.java:77)
Caused by: java.lang.reflect.InvocationTargetException
at java.base/jdk.internal.reflect.NativeConstructorAccessorImpl.newInstance0(Native Method)
at java.base/jdk.internal.reflect.NativeConstructorAccessorImpl.newInstance(Unknown Source)
at java.base/jdk.internal.reflect.DelegatingConstructorAccessorImpl.newInstance(Unknown Source)
at java.base/java.lang.reflect.Constructor.newInstance(Unknown Source)
at ru.stqa.selenium.factory.ReflectionBasedInstanceCreator.callConstructor(ReflectionBasedInstanceCreator.java:50)
... 34 more
Caused by: java.lang.IllegalStateException: The path to the driver executable must be set by the webdriver.gecko.driver system property; for more information, see https://github.com/mozilla/geckodriver. The latest version can be downloaded from https://github.com/mozilla/geckodriver/releases
at com.google.common.base.Preconditions.checkState(Preconditions.java:847)
at org.openqa.selenium.remote.service.DriverService.findExecutable(DriverService.java:124)
at org.openqa.selenium.firefox.GeckoDriverService.access$100(GeckoDriverService.java:41)
at org.openqa.selenium.firefox.GeckoDriverService$Builder.findDefaultExecutable(GeckoDriverService.java:141)
at org.openqa.selenium.remote.service.DriverService$Builder.build(DriverService.java:339)
at org.openqa.selenium.firefox.FirefoxDriver.toExecutor(FirefoxDriver.java:158)
at org.openqa.selenium.firefox.FirefoxDriver.<init>(FirefoxDriver.java:120)
at org.openqa.selenium.firefox.FirefoxDriver.<init>(FirefoxDriver.java:106)
... 39 more
]]>
            </full-stacktrace>
          </exception> <!-- ru.stqa.selenium.factory.DriverCreationError -->
          <reporter-output>
          </reporter-output>
        </test-method> <!-- search -->
        <test-method is-config="true" signature="initPageObjects()[pri:0, instance:amazonTests.com.SampleTestNgTest@201a4587]" started-at="2018-05-07T20:11:12Z" name="initPageObjects" finished-at="2018-05-07T20:11:12Z" duration-ms="0" status="SKIP">
          <reporter-output>
          </reporter-output>
        </test-method> <!-- initPageObjects -->
        <test-method is-config="true" signature="initWebDriver()[pri:0, instance:amazonTests.com.SampleTestNgTest@201a4587]" started-at="2018-05-07T20:11:12Z" name="initWebDriver" finished-at="2018-05-07T20:11:12Z" duration-ms="0" status="SKIP">
          <reporter-output>
          </reporter-output>
        </test-method> <!-- initWebDriver -->
        <test-method is-config="true" signature="initPageObjects()[pri:0, instance:amazonTests.com.SampleTestNgTest@201a4587]" started-at="2018-05-07T20:11:12Z" name="initPageObjects" finished-at="2018-05-07T20:11:12Z" duration-ms="0" status="SKIP">
          <reporter-output>
          </reporter-output>
        </test-method> <!-- initPageObjects -->
        <test-method signature="testHomePageHasAHeader()[pri:0, instance:amazonTests.com.SampleTestNgTest@201a4587]" started-at="2018-05-07T20:11:12Z" name="testHomePageHasAHeader" finished-at="2018-05-07T20:11:12Z" duration-ms="0" status="SKIP">
          <exception class="ru.stqa.selenium.factory.DriverCreationError">
            <message>
              <![CDATA[java.lang.reflect.InvocationTargetException]]>
            </message>
            <full-stacktrace>
              <![CDATA[ru.stqa.selenium.factory.DriverCreationError: java.lang.reflect.InvocationTargetException
at ru.stqa.selenium.factory.ReflectionBasedInstanceCreator.callConstructor(ReflectionBasedInstanceCreator.java:58)
at ru.stqa.selenium.factory.ReflectionBasedInstanceCreator.createDriver(ReflectionBasedInstanceCreator.java:44)
at ru.stqa.selenium.factory.DefaultLocalDriverProvider.createDriver(DefaultLocalDriverProvider.java:54)
at ru.stqa.selenium.factory.AbstractWebDriverPool.newDriver(AbstractWebDriverPool.java:36)
at ru.stqa.selenium.factory.ThreadLocalSingleWebDriverPool.createNewDriver(ThreadLocalSingleWebDriverPool.java:120)
at ru.stqa.selenium.factory.ThreadLocalSingleWebDriverPool.getDriver(ThreadLocalSingleWebDriverPool.java:42)
at amazonTests.com.TestNgTestBase.initWebDriver(TestNgTestBase.java:40)
at java.base/jdk.internal.reflect.NativeMethodAccessorImpl.invoke0(Native Method)
at java.base/jdk.internal.reflect.NativeMethodAccessorImpl.invoke(Unknown Source)
at java.base/jdk.internal.reflect.DelegatingMethodAccessorImpl.invoke(Unknown Source)
at java.base/java.lang.reflect.Method.invoke(Unknown Source)
at org.testng.internal.MethodInvocationHelper.invokeMethod(MethodInvocationHelper.java:124)
at org.testng.internal.MethodInvocationHelper.invokeMethodConsideringTimeout(MethodInvocationHelper.java:59)
at org.testng.internal.Invoker.invokeConfigurationMethod(Invoker.java:455)
at org.testng.internal.Invoker.invokeConfigurations(Invoker.java:222)
at org.testng.internal.Invoker.invokeMethod(Invoker.java:520)
at org.testng.internal.Invoker.invokeTestMethod(Invoker.java:716)
at org.testng.internal.Invoker.invokeTestMethods(Invoker.java:988)
at org.testng.internal.TestMethodWorker.invokeTestMethods(TestMethodWorker.java:125)
at org.testng.internal.TestMethodWorker.run(TestMethodWorker.java:109)
at org.testng.TestRunner.privateRun(TestRunner.java:648)
at org.testng.TestRunner.run(TestRunner.java:505)
at org.testng.SuiteRunner.runTest(SuiteRunner.java:455)
at org.testng.SuiteRunner.runSequentially(SuiteRunner.java:450)
at org.testng.SuiteRunner.privateRun(SuiteRunner.java:415)
at org.testng.SuiteRunner.run(SuiteRunner.java:364)
at org.testng.SuiteRunnerWorker.runSuite(SuiteRunnerWorker.java:52)
at org.testng.SuiteRunnerWorker.run(SuiteRunnerWorker.java:84)
at org.testng.TestNG.runSuitesSequentially(TestNG.java:1208)
at org.testng.TestNG.runSuitesLocally(TestNG.java:1137)
at org.testng.TestNG.runSuites(TestNG.java:1049)
at org.testng.TestNG.run(TestNG.java:1017)
at org.testng.remote.AbstractRemoteTestNG.run(AbstractRemoteTestNG.java:114)
at org.testng.remote.RemoteTestNG.initAndRun(RemoteTestNG.java:251)
at org.testng.remote.RemoteTestNG.main(RemoteTestNG.java:77)
Caused by: java.lang.reflect.InvocationTargetException
at java.base/jdk.internal.reflect.NativeConstructorAccessorImpl.newInstance0(Native Method)
at java.base/jdk.internal.reflect.NativeConstructorAccessorImpl.newInstance(Unknown Source)
at java.base/jdk.internal.reflect.DelegatingConstructorAccessorImpl.newInstance(Unknown Source)
at java.base/java.lang.reflect.Constructor.newInstance(Unknown Source)
at ru.stqa.selenium.factory.ReflectionBasedInstanceCreator.callConstructor(ReflectionBasedInstanceCreator.java:50)
... 34 more
Caused by: java.lang.IllegalStateException: The path to the driver executable must be set by the webdriver.gecko.driver system property; for more information, see https://github.com/mozilla/geckodriver. The latest version can be downloaded from https://github.com/mozilla/geckodriver/releases
at com.google.common.base.Preconditions.checkState(Preconditions.java:847)
at org.openqa.selenium.remote.service.DriverService.findExecutable(DriverService.java:124)
at org.openqa.selenium.firefox.GeckoDriverService.access$100(GeckoDriverService.java:41)
at org.openqa.selenium.firefox.GeckoDriverService$Builder.findDefaultExecutable(GeckoDriverService.java:141)
at org.openqa.selenium.remote.service.DriverService$Builder.build(DriverService.java:339)
at org.openqa.selenium.firefox.FirefoxDriver.toExecutor(FirefoxDriver.java:158)
at org.openqa.selenium.firefox.FirefoxDriver.<init>(FirefoxDriver.java:120)
at org.openqa.selenium.firefox.FirefoxDriver.<init>(FirefoxDriver.java:106)
... 39 more
]]>
            </full-stacktrace>
          </exception> <!-- ru.stqa.selenium.factory.DriverCreationError -->
          <reporter-output>
          </reporter-output>
        </test-method> <!-- testHomePageHasAHeader -->
        <test-method is-config="true" signature="tearDown()[pri:0, instance:amazonTests.com.SampleTestNgTest@201a4587]" started-at="2018-05-07T20:11:12Z" name="tearDown" finished-at="2018-05-07T20:11:12Z" duration-ms="0" status="PASS">
          <reporter-output>
          </reporter-output>
        </test-method> <!-- tearDown -->
      </class> <!-- amazonTests.com.SampleTestNgTest -->
    </test> <!-- Default test -->
  </suite> <!-- Default suite -->
</testng-results>
